<?xml version="1.0" encoding="UTF-8"?>
<!-- Generated by org.testng.reporters.JUnitReportReporter -->
<testsuite hostname="ICPL10260" name="ispl.sample.AppTest" tests="1" failures="0" timestamp="2 Jan 2018 07:06:15 GMT" time="0.000" errors="0">
  <testcase name="exampleOfTestNgMaven" time="0.000" classname="ispl.sample.AppTest"/>
</testsuite> <!-- ispl.sample.AppTest -->
